synthesis:  version Diamond (64-bit) 3.11.0.396.4

Copyright (c) 1991-1994 by NeoCAD Inc. All rights reserved.
Copyright (c) 1995 AT&T Corp.   All rights reserved.
Copyright (c) 1995-2001 Lucent Technologies Inc.  All rights reserved.
Copyright (c) 2001 Agere Systems   All rights reserved.
Copyright (c) 2002-2019 Lattice Semiconductor Corporation,  All rights reserved.
Wed Nov 18 22:07:34 2020


Command Line:  synthesis -f breathingLED_impl1_lattice.synproj -gui 

Synthesis options:
The -a option is MachXO2.
The -s option is 4.
The -t option is CSBGA132.
The -d option is LCMXO2-4000HC.
Using package CSBGA132.
Using performance grade 4.
                                                          

##########################################################

### Lattice Family : MachXO2

### Device  : LCMXO2-4000HC

### Package : CSBGA132

### Speed   : 4

##########################################################

                                                          

INFO - synthesis: User-Selected Strategy Settings
Optimization goal = Balanced
Top-level module name = breath_led.
Target frequency = 200.000000 MHz.
Maximum fanout = 1000.
Timing path count = 3
BRAM utilization = 100.000000 %
DSP usage = true
DSP utilization = 100.000000 %
fsm_encoding_style = auto
resolve_mixed_drivers = 0
fix_gated_clocks = 1

Mux style = Auto
Use Carry Chain = true
carry_chain_length = 0
Loop Limit = 1950.
Use IO Insertion = TRUE
Use IO Reg = AUTO

Resource Sharing = TRUE
Propagate Constants = TRUE
Remove Duplicate Registers = TRUE
force_gsr = auto
ROM style = auto
RAM style = auto
The -comp option is FALSE.
The -syn option is FALSE.
-p C:/lscc/diamond/3.11_x64/ispfpga/xo2c00/data (searchpath added)
-p C:/Users/10352/vhdl-labs/breathingLED/impl1 (searchpath added)
-p C:/Users/10352/vhdl-labs/breathingLED (searchpath added)
VHDL library = work
VHDL design file = C:/Users/10352/vhdl-labs/breathingLED/breathingLED.vhd
NGD file = breathingLED_impl1.ngd
-sdc option: SDC file input not used.
-lpf option: Output file option is ON.
Hardtimer checking is enabled (default). The -dt option is not used.
The -r option is OFF. [ Remove LOC Properties is OFF. ]
Technology check ok...

Analyzing Verilog file C:/lscc/diamond/3.11_x64/ispfpga/userware/NT/SYNTHESIS_HEADERS/machxo2.v. VERI-1482
Compile design.
Compile Design Begin
INFO - synthesis: The default VHDL library search path is now "C:/Users/10352/vhdl-labs/breathingLED/impl1". VHDL-1504
Analyzing VHDL file c:/users/10352/vhdl-labs/breathingled/breathingled.vhd. VHDL-1481
INFO - synthesis: c:/users/10352/vhdl-labs/breathingled/breathingled.vhd(20): analyzing entity breath_led. VHDL-1012
INFO - synthesis: c:/users/10352/vhdl-labs/breathingled/breathingled.vhd(29): analyzing architecture trans. VHDL-1010
unit breath_led is not yet analyzed. VHDL-1485
unit breath_led is not yet analyzed. VHDL-1485
c:/users/10352/vhdl-labs/breathingled/breathingled.vhd(20): executing breath_led(trans)

WARNING - synthesis: c:/users/10352/vhdl-labs/breathingled/breathingled.vhd(27): replacing existing netlist breath_led(trans). VHDL-1205
Top module name (VHDL): breath_led
Loading NGL library 'C:/lscc/diamond/3.11_x64/ispfpga/xo2c00a/data/xo2alib.ngl'...
Loading NGL library 'C:/lscc/diamond/3.11_x64/ispfpga/xo2c00/data/xo2clib.ngl'...
Loading NGL library 'C:/lscc/diamond/3.11_x64/ispfpga/mg5g00/data/mg5glib.ngl'...
Loading NGL library 'C:/lscc/diamond/3.11_x64/ispfpga/or5g00/data/orc5glib.ngl'...
Loading device for application map from file 'xo2c4000.nph' in environment: C:/lscc/diamond/3.11_x64/ispfpga.
Package Status:                     Final          Version 1.44.
Top-level module name = breath_led.



GSR instance connected to net rst_c.
Applying 200.000000 MHz constraint to all clocks

WARNING - synthesis: No user .sdc file.
Results of NGD DRC are available in breath_led_drc.log.
Loading NGL library 'C:/lscc/diamond/3.11_x64/ispfpga/xo2c00a/data/xo2alib.ngl'...
Loading NGL library 'C:/lscc/diamond/3.11_x64/ispfpga/xo2c00/data/xo2clib.ngl'...
Loading NGL library 'C:/lscc/diamond/3.11_x64/ispfpga/mg5g00/data/mg5glib.ngl'...
Loading NGL library 'C:/lscc/diamond/3.11_x64/ispfpga/or5g00/data/orc5glib.ngl'...
All blocks are expanded and NGD expansion is successful.
Writing NGD file breathingLED_impl1.ngd.

################### Begin Area Report (breath_led)######################
Number of register bits => 51 of 4635 (1 % )
CCU2D => 26
FD1P3AX => 25
FD1S3AX => 1
FD1S3IX => 25
GSR => 1
IB => 2
L6MUX21 => 3
LUT4 => 97
OB => 1
PFUMX => 5
################### End Area Report ##################

################### Begin BlackBox Report ######################
TSALL => 1
################### End BlackBox Report ##################

################### Begin Clock Report ######################
Clock Nets
Number of Clocks: 1
  Net : clk_c, loads : 51
Clock Enable Nets
Number of Clock Enables: 1
Top 1 highest fanout Clock Enables:
  Net : clk_c_enable_25, loads : 25
Highest fanout non-clock nets
Top 10 highest fanout non-clock nets:
  Net : flag, loads : 26
  Net : n676, loads : 26
  Net : cnt1_24__N_78, loads : 25
  Net : n24, loads : 25
  Net : clk_c_enable_25, loads : 25
  Net : cnt1_24, loads : 7
  Net : cnt2_24, loads : 7
  Net : cnt1_20, loads : 6
  Net : cnt2_20, loads : 6
  Net : cnt2_10, loads : 6
################### End Clock Report ##################

Timing Report Summary
--------------
--------------------------------------------------------------------------------
Constraint                              |   Constraint|       Actual|Levels
--------------------------------------------------------------------------------
                                        |             |             |
create_clock -period 5.000000 -name     |             |             |
clk0 [get_nets clk_c]                   |  200.000 MHz|   76.640 MHz|     8 *
                                        |             |             |
--------------------------------------------------------------------------------


1 constraints not met.


Peak Memory Usage: 78.500  MB

--------------------------------------------------------------
Elapsed CPU time for LSE flow : 1.188  secs
--------------------------------------------------------------
