synthesis:  version Diamond (64-bit) 3.11.0.396.4

Copyright (c) 1991-1994 by NeoCAD Inc. All rights reserved.
Copyright (c) 1995 AT&T Corp.   All rights reserved.
Copyright (c) 1995-2001 Lucent Technologies Inc.  All rights reserved.
Copyright (c) 2001 Agere Systems   All rights reserved.
Copyright (c) 2002-2019 Lattice Semiconductor Corporation,  All rights reserved.
Wed Nov 18 23:32:25 2020


Command Line:  synthesis -f led_shining_impl1_lattice.synproj -gui -msgset C:/Users/10352/vhdl-labs/lab2_led_shining/promote.xml 

Synthesis options:
The -a option is MachXO2.
The -s option is 4.
The -t option is CSBGA132.
The -d option is LCMXO2-4000HC.
Using package CSBGA132.
Using performance grade 4.
                                                          

##########################################################

### Lattice Family : MachXO2

### Device  : LCMXO2-4000HC

### Package : CSBGA132

### Speed   : 4

##########################################################

                                                          

INFO - synthesis: User-Selected Strategy Settings
Optimization goal = Balanced
Top-level module name = PWM.
Target frequency = 200.000000 MHz.
Maximum fanout = 1000.
Timing path count = 3
BRAM utilization = 100.000000 %
DSP usage = true
DSP utilization = 100.000000 %
fsm_encoding_style = auto
resolve_mixed_drivers = 0
fix_gated_clocks = 1

Mux style = Auto
Use Carry Chain = true
carry_chain_length = 0
Loop Limit = 1950.
Use IO Insertion = TRUE
Use IO Reg = AUTO

Resource Sharing = TRUE
Propagate Constants = TRUE
Remove Duplicate Registers = TRUE
force_gsr = auto
ROM style = auto
RAM style = auto
The -comp option is FALSE.
The -syn option is FALSE.
-p C:/lscc/diamond/3.11_x64/ispfpga/xo2c00/data (searchpath added)
-p C:/Users/10352/vhdl-labs/lab2_led_shining/impl1 (searchpath added)
-p C:/Users/10352/vhdl-labs/lab2_led_shining (searchpath added)
VHDL library = work
VHDL design file = C:/Users/10352/vhdl-labs/lab2_led_shining/key.vhd
VHDL design file = C:/Users/10352/vhdl-labs/lab2_led_shining/lab2.vhd
NGD file = led_shining_impl1.ngd
-sdc option: SDC file input not used.
-lpf option: Output file option is ON.
Hardtimer checking is enabled (default). The -dt option is not used.
The -r option is OFF. [ Remove LOC Properties is OFF. ]
Technology check ok...

Analyzing Verilog file C:/lscc/diamond/3.11_x64/ispfpga/userware/NT/SYNTHESIS_HEADERS/machxo2.v. VERI-1482
Compile design.
Compile Design Begin
INFO - synthesis: The default VHDL library search path is now "C:/Users/10352/vhdl-labs/lab2_led_shining/impl1". VHDL-1504
Analyzing VHDL file c:/users/10352/vhdl-labs/lab2_led_shining/key.vhd. VHDL-1481
INFO - synthesis: c:/users/10352/vhdl-labs/lab2_led_shining/key.vhd(7): analyzing entity cyclesampler. VHDL-1012
INFO - synthesis: c:/users/10352/vhdl-labs/lab2_led_shining/key.vhd(16): analyzing architecture cyclesample. VHDL-1010
unit PWM is not yet analyzed. VHDL-1485
Analyzing VHDL file c:/users/10352/vhdl-labs/lab2_led_shining/lab2.vhd. VHDL-1481
INFO - synthesis: c:/users/10352/vhdl-labs/lab2_led_shining/lab2.vhd(6): analyzing entity pwm. VHDL-1012
INFO - synthesis: c:/users/10352/vhdl-labs/lab2_led_shining/lab2.vhd(21): analyzing architecture behavior. VHDL-1010
unit PWM is not yet analyzed. VHDL-1485
unit PWM is not yet analyzed. VHDL-1485
c:/users/10352/vhdl-labs/lab2_led_shining/lab2.vhd(6): executing PWM(behavior)

WARNING - synthesis: c:/users/10352/vhdl-labs/lab2_led_shining/lab2.vhd(19): replacing existing netlist PWM(behavior). VHDL-1205
Top module name (VHDL): PWM
Loading NGL library 'C:/lscc/diamond/3.11_x64/ispfpga/xo2c00a/data/xo2alib.ngl'...
Loading NGL library 'C:/lscc/diamond/3.11_x64/ispfpga/xo2c00/data/xo2clib.ngl'...
Loading NGL library 'C:/lscc/diamond/3.11_x64/ispfpga/mg5g00/data/mg5glib.ngl'...
Loading NGL library 'C:/lscc/diamond/3.11_x64/ispfpga/or5g00/data/orc5glib.ngl'...
Loading device for application map from file 'xo2c4000.nph' in environment: C:/lscc/diamond/3.11_x64/ispfpga.
Package Status:                     Final          Version 1.44.
Top-level module name = PWM.
######## Converting I/O port a_to_g[6] to output.
######## Converting I/O port a_to_g[5] to output.
######## Converting I/O port a_to_g[4] to output.
######## Converting I/O port a_to_g[3] to output.
######## Converting I/O port a_to_g[2] to output.
######## Converting I/O port a_to_g[1] to output.
######## Converting I/O port a_to_g[0] to output.



WARNING - synthesis: c:/users/10352/vhdl-labs/lab2_led_shining/lab2.vhd(142): Register seg_108 is stuck at Zero. VDB-5013
WARNING - synthesis: Bit 3 of Register a_to_g is stuck at One
WARNING - synthesis: Bit 4 of Register a_to_g is stuck at One
WARNING - synthesis: c:/users/10352/vhdl-labs/lab2_led_shining/lab2.vhd(88): Register cnt1_i0_i0 is stuck at Zero. VDB-5013
Duplicate register/latch removal. a_to_g_i1 is a one-to-one match with menu_state_105.
GSR instance connected to net rst_n_c.
Applying 200.000000 MHz constraint to all clocks

WARNING - synthesis: No user .sdc file.
Results of NGD DRC are available in PWM_drc.log.
Loading NGL library 'C:/lscc/diamond/3.11_x64/ispfpga/xo2c00a/data/xo2alib.ngl'...
Loading NGL library 'C:/lscc/diamond/3.11_x64/ispfpga/xo2c00/data/xo2clib.ngl'...
Loading NGL library 'C:/lscc/diamond/3.11_x64/ispfpga/mg5g00/data/mg5glib.ngl'...
Loading NGL library 'C:/lscc/diamond/3.11_x64/ispfpga/or5g00/data/orc5glib.ngl'...
All blocks are expanded and NGD expansion is successful.
Writing NGD file led_shining_impl1.ngd.

################### Begin Area Report (PWM)######################
Number of register bits => 157 of 4635 (3 % )
CCU2D => 158
FD1P3AX => 26
FD1P3IX => 11
FD1S3AX => 15
FD1S3AY => 1
FD1S3DX => 96
FD1S3IX => 8
GSR => 1
IB => 5
INV => 1
L6MUX21 => 1
LUT4 => 110
OB => 11
PFUMX => 3
################### End Area Report ##################

################### Begin BlackBox Report ######################
TSALL => 1
################### End BlackBox Report ##################

################### Begin Clock Report ######################
Clock Nets
Number of Clocks: 6
  Net : clk_c, loads : 143
  Net : P3/keysamplerpulse, loads : 35
  Net : P1/keysamplerpulse, loads : 35
  Net : P2/keysamplerpulse, loads : 35
  Net : clk0, loads : 6
  Net : P1/key_menu1, loads : 2
Clock Enable Nets
Number of Clock Enables: 4
Top 4 highest fanout Clock Enables:
  Net : clk_c_enable_36, loads : 33
  Net : rst_n_c, loads : 3
  Net : clk_c_enable_6, loads : 2
  Net : clk_c_enable_9, loads : 2
Highest fanout non-clock nets
Top 10 highest fanout non-clock nets:
  Net : cycle_12, loads : 48
  Net : cycle_pulse_0, loads : 41
  Net : clk_c_enable_36, loads : 33
  Net : direction, loads : 18
  Net : cnt2_16__N_153, loads : 18
  Net : duty_pulse_0, loads : 17
  Net : dt_6, loads : 15
  Net : n952, loads : 14
  Net : n1713, loads : 14
  Net : n2556, loads : 13
################### End Clock Report ##################

Timing Report Summary
--------------
--------------------------------------------------------------------------------
Constraint                              |   Constraint|       Actual|Levels
--------------------------------------------------------------------------------
                                        |             |             |
create_clock -period 5.000000 -name     |             |             |
clk5 [get_nets \P1/keysamplerpulse]     |  200.000 MHz|  554.939 MHz|     1  
                                        |             |             |
create_clock -period 5.000000 -name     |             |             |
clk4 [get_nets clk0]                    |  200.000 MHz|  180.148 MHz|     3 *
                                        |             |             |
create_clock -period 5.000000 -name     |             |             |
clk3 [get_nets key_menu1]               |  200.000 MHz|  275.028 MHz|     2  
                                        |             |             |
create_clock -period 5.000000 -name     |             |             |
clk2 [get_nets clk_c]                   |  200.000 MHz|   68.353 MHz|    14 *
                                        |             |             |
create_clock -period 5.000000 -name     |             |             |
clk1 [get_nets \P2/keysamplerpulse]     |  200.000 MHz|  521.105 MHz|     1  
                                        |             |             |
create_clock -period 5.000000 -name     |             |             |
clk0 [get_nets \P3/keysamplerpulse]     |  200.000 MHz|  521.105 MHz|     1  
                                        |             |             |
--------------------------------------------------------------------------------


2 constraints not met.


Peak Memory Usage: 85.191  MB

--------------------------------------------------------------
Elapsed CPU time for LSE flow : 1.391  secs
--------------------------------------------------------------
