
map -a "MachXO2" -p LCMXO2-4000HC -t CSBGA132 -s 4 -oc Commercial   "buttonInput_impl1.ngd" -o "buttonInput_impl1_map.ncd" -pr "buttonInput_impl1.prf" -mp "buttonInput_impl1.mrp" -lpf "C:/Users/10352/vhdl-labs/lab1_button_input/impl1/buttonInput_impl1.lpf" -lpf "C:/Users/10352/vhdl-labs/lab1_button_input/buttonInput.lpf" -c 0           
map:  version Diamond (64-bit) 3.11.0.396.4

Copyright (c) 1991-1994 by NeoCAD Inc. All rights reserved.
Copyright (c) 1995 AT&T Corp.   All rights reserved.
Copyright (c) 1995-2001 Lucent Technologies Inc.  All rights reserved.
Copyright (c) 2001 Agere Systems   All rights reserved.
Copyright (c) 2002-2019 Lattice Semiconductor Corporation,  All rights reserved.
   Process the file: buttonInput_impl1.ngd
   Picdevice="LCMXO2-4000HC"

   Pictype="CSBGA132"

   Picspeed=4

   Remove unused logic

   Do not produce over sized NCDs.

Part used: LCMXO2-4000HCCSBGA132, Performance used: 4.

Loading device for application map from file 'xo2c4000.nph' in environment: C:/lscc/diamond/3.11_x64/ispfpga.
Package Status:                     Final          Version 1.44.

Running general design DRC...

Removing unused logic...

Optimizing...




Design Summary:
   Number of registers:     81 out of  4635 (2%)
      PFU registers:           81 out of  4320 (2%)
      PIO registers:            0 out of   315 (0%)
   Number of SLICEs:       112 out of  2160 (5%)
      SLICEs as Logic/ROM:    112 out of  2160 (5%)
      SLICEs as RAM:            0 out of  1620 (0%)
      SLICEs as Carry:          9 out of  2160 (0%)
   Number of LUT4s:        222 out of  4320 (5%)
      Number used as logic LUTs:        204
      Number used as distributed RAM:     0
      Number used as ripple logic:       18
      Number used as shift registers:     0
   Number of PIO sites used: 27 + 4(JTAG) out of 105 (30%)
   Number of block RAMs:  0 out of 10 (0%)
   Number of GSRs:        0 out of 1 (0%)
   EFB used :        No
   JTAG used :       No
   Readback used :   No
   Oscillator used : No
   Startup used :    No
   POR :             On
   Bandgap :         On
   Number of Power Controller:  0 out of 1 (0%)
   Number of Dynamic Bank Controller (BCINRD):  0 out of 6 (0%)
   Number of Dynamic Bank Controller (BCLVDSO):  0 out of 1 (0%)
   Number of DCCA:  0 out of 8 (0%)
   Number of DCMA:  0 out of 2 (0%)
   Number of PLLs:  0 out of 2 (0%)
   Number of DQSDLLs:  0 out of 2 (0%)
   Number of CLKDIVC:  0 out of 4 (0%)
   Number of ECLKSYNCA:  0 out of 4 (0%)
   Number of ECLKBRIDGECS:  0 out of 2 (0%)
   Notes:-
      1. Total number of LUT4s = (Number of logic LUT4s) + 2*(Number of distributed RAMs) + 2*(Number of ripple logic)
      2. Number of logic LUT4s does not include count of distributed RAM and ripple logic.
   Number of clocks:  3
     Net detector/apa: 27 loads, 25 rising, 2 falling (Driver: detector/apa_75 )
     Net clk_c: 12 loads, 12 rising, 0 falling (Driver: PIO clk )
     Net decoder/seg1_6__N_154: 7 loads, 7 rising, 0 falling (Driver: decoder/i1_4_lut )
   Number of Clock Enables:  11
     Net detector/key_out_15__N_72: 2 loads, 2 LSLICEs
     Net detector/apa_enable_1: 1 loads, 1 LSLICEs
     Net detector/BTN_cache_3__N_83: 2 loads, 2 LSLICEs
     Net detector/apa_enable_19: 8 loads, 8 LSLICEs
     Net detector/clk_c_enable_1: 1 loads, 1 LSLICEs
     Net detector/apa_enable_15: 2 loads, 2 LSLICEs
     Net detector/apa_enable_20: 1 loads, 1 LSLICEs
     Net detector/key_out_15__N_67: 2 loads, 2 LSLICEs
     Net detector/key_out_15__N_62: 2 loads, 2 LSLICEs
     Net detector/key_out_15__N_57: 2 loads, 2 LSLICEs
     Net detector/apa_N_10: 1 loads, 1 LSLICEs
   Number of LSRs:  5
     Net detector/n1598: 8 loads, 8 LSLICEs
     Net detector/n567: 2 loads, 2 LSLICEs
     Net detector/n89: 3 loads, 3 LSLICEs
     Net detector/n3868: 1 loads, 1 LSLICEs
     Net detector/apa_N_10: 1 loads, 1 LSLICEs
   Number of nets driven by tri-state buffers:  0
   Top 10 highest fanout non-clock nets:
     Net key_id_5: 15 loads
     Net detector/num_cnt_0: 14 loads
     Net key_id_6: 14 loads
     Net detector/num_cnt_1: 13 loads
     Net key_id_7: 13 loads
     Net detector/num_cnt_2: 12 loads
     Net detector/BTN_cache_3__N_83: 11 loads
     Net detector/key_out_5: 11 loads
     Net key_id_17: 11 loads
     Net key_id_3: 11 loads
 

   Number of warnings:  0
   Number of errors:    0



Total CPU Time: 0 secs  
Total REAL Time: 0 secs  
Peak Memory Usage: 50 MB

Dumping design to file buttonInput_impl1_map.ncd.

ncd2vdb "buttonInput_impl1_map.ncd" ".vdbs/buttonInput_impl1_map.vdb"

Loading device for application ncd2vdb from file 'xo2c4000.nph' in environment: C:/lscc/diamond/3.11_x64/ispfpga.

trce -f "buttonInput_impl1.mt" -o "buttonInput_impl1.tw1" "buttonInput_impl1_map.ncd" "buttonInput_impl1.prf"
trce:  version Diamond (64-bit) 3.11.0.396.4

Copyright (c) 1991-1994 by NeoCAD Inc. All rights reserved.
Copyright (c) 1995 AT&T Corp.   All rights reserved.
Copyright (c) 1995-2001 Lucent Technologies Inc.  All rights reserved.
Copyright (c) 2001 Agere Systems   All rights reserved.
Copyright (c) 2002-2019 Lattice Semiconductor Corporation,  All rights reserved.

Loading design for application trce from file buttoninput_impl1_map.ncd.
Design name: Key_Input
NCD version: 3.3
Vendor:      LATTICE
Device:      LCMXO2-4000HC
Package:     CSBGA132
Performance: 4
Loading device for application trce from file 'xo2c4000.nph' in environment: C:/lscc/diamond/3.11_x64/ispfpga.
Package Status:                     Final          Version 1.44.
Performance Hardware Data Status:   Final          Version 34.4.
Setup and Hold Report

--------------------------------------------------------------------------------
Lattice TRACE Report - Setup, Version Diamond (64-bit) 3.11.0.396.4
Wed Nov 04 15:20:00 2020

Copyright (c) 1991-1994 by NeoCAD Inc. All rights reserved.
Copyright (c) 1995 AT&T Corp.   All rights reserved.
Copyright (c) 1995-2001 Lucent Technologies Inc.  All rights reserved.
Copyright (c) 2001 Agere Systems   All rights reserved.
Copyright (c) 2002-2019 Lattice Semiconductor Corporation,  All rights reserved.

Report Information
------------------
Command line:    trce -v 1 -gt -mapchkpnt 0 -sethld -o buttonInput_impl1.tw1 -gui -msgset C:/Users/10352/vhdl-labs/lab1_button_input/promote.xml buttonInput_impl1_map.ncd buttonInput_impl1.prf 
Design file:     buttoninput_impl1_map.ncd
Preference file: buttoninput_impl1.prf
Device,speed:    LCMXO2-4000HC,4
Report level:    verbose report, limited to 1 item per preference
--------------------------------------------------------------------------------

Report Type:     based on TRACE automatically generated preferences
BLOCK ASYNCPATHS
BLOCK RESETPATHS
--------------------------------------------------------------------------------



Timing summary (Setup):
---------------

Timing errors: 2791  Score: 1765308198
Cumulative negative slack: 1765308198

Constraints cover 3419 paths, 11 nets, and 879 connections (95.44% coverage)

--------------------------------------------------------------------------------
Lattice TRACE Report - Hold, Version Diamond (64-bit) 3.11.0.396.4
Wed Nov 04 15:20:00 2020

Copyright (c) 1991-1994 by NeoCAD Inc. All rights reserved.
Copyright (c) 1995 AT&T Corp.   All rights reserved.
Copyright (c) 1995-2001 Lucent Technologies Inc.  All rights reserved.
Copyright (c) 2001 Agere Systems   All rights reserved.
Copyright (c) 2002-2019 Lattice Semiconductor Corporation,  All rights reserved.

Report Information
------------------
Command line:    trce -v 1 -gt -mapchkpnt 0 -sethld -o buttonInput_impl1.tw1 -gui -msgset C:/Users/10352/vhdl-labs/lab1_button_input/promote.xml buttonInput_impl1_map.ncd buttonInput_impl1.prf 
Design file:     buttoninput_impl1_map.ncd
Preference file: buttoninput_impl1.prf
Device,speed:    LCMXO2-4000HC,M
Report level:    verbose report, limited to 1 item per preference
--------------------------------------------------------------------------------

BLOCK ASYNCPATHS
BLOCK RESETPATHS
--------------------------------------------------------------------------------



Timing summary (Hold):
---------------

Timing errors: 0  Score: 0
Cumulative negative slack: 0

Constraints cover 3419 paths, 11 nets, and 879 connections (95.44% coverage)



Timing summary (Setup and Hold):
---------------

Timing errors: 2791 (setup), 0 (hold)
Score: 1765308198 (setup), 0 (hold)
Cumulative negative slack: 1765308198 (1765308198+0)
--------------------------------------------------------------------------------

--------------------------------------------------------------------------------

Total CPU Time: 0 secs 
Total REAL Time: 0 secs 
Peak Memory Usage: 61 MB


ldbanno "buttonInput_impl1_map.ncd" -n Verilog -o "buttonInput_impl1_mapvo.vo" -w -neg
ldbanno: version Diamond (64-bit) 3.11.0.396.4
Copyright (c) 1991-1994 by NeoCAD Inc. All rights reserved.
Copyright (c) 1995 AT&T Corp.   All rights reserved.
Copyright (c) 1995-2001 Lucent Technologies Inc.  All rights reserved.
Copyright (c) 2001 Agere Systems   All rights reserved.
Copyright (c) 2002-2019 Lattice Semiconductor Corporation,  All rights reserved.

Writing a Verilog netlist using the orca library type based on the buttonInput_impl1_map design file.


Loading design for application ldbanno from file buttonInput_impl1_map.ncd.
Design name: Key_Input
NCD version: 3.3
Vendor:      LATTICE
Device:      LCMXO2-4000HC
Package:     CSBGA132
Performance: 4
Loading device for application ldbanno from file 'xo2c4000.nph' in environment: C:/lscc/diamond/3.11_x64/ispfpga.
Package Status:                     Final          Version 1.44.
Performance Hardware Data Status:   Final          Version 34.4.
Converting design buttonInput_impl1_map.ncd into .ldb format.
Writing Verilog netlist to file buttonInput_impl1_mapvo.vo
Writing SDF timing to file buttonInput_impl1_mapvo.sdf
    <postMsg mid="35400250" type="Info"    dynamic="1" navigation="0" arg0="0"  />
Total CPU Time: 0 secs 
Total REAL Time: 0 secs 
Peak Memory Usage: 48 MB

ldbanno "buttonInput_impl1_map.ncd" -n VHDL -o "buttonInput_impl1_mapvho.vho" -w -neg
ldbanno: version Diamond (64-bit) 3.11.0.396.4
Copyright (c) 1991-1994 by NeoCAD Inc. All rights reserved.
Copyright (c) 1995 AT&T Corp.   All rights reserved.
Copyright (c) 1995-2001 Lucent Technologies Inc.  All rights reserved.
Copyright (c) 2001 Agere Systems   All rights reserved.
Copyright (c) 2002-2019 Lattice Semiconductor Corporation,  All rights reserved.

Writing a VHDL netlist using the orca library type based on the buttonInput_impl1_map design file.


Loading design for application ldbanno from file buttonInput_impl1_map.ncd.
Design name: Key_Input
NCD version: 3.3
Vendor:      LATTICE
Device:      LCMXO2-4000HC
Package:     CSBGA132
Performance: 4
Loading device for application ldbanno from file 'xo2c4000.nph' in environment: C:/lscc/diamond/3.11_x64/ispfpga.
Package Status:                     Final          Version 1.44.
Performance Hardware Data Status:   Final          Version 34.4.
Converting design buttonInput_impl1_map.ncd into .ldb format.
Writing VHDL netlist to file buttonInput_impl1_mapvho.vho
Writing SDF timing to file buttonInput_impl1_mapvho.sdf
    <postMsg mid="35400250" type="Info"    dynamic="1" navigation="0" arg0="0"  />
Total CPU Time: 0 secs 
Total REAL Time: 0 secs 
Peak Memory Usage: 47 MB

mpartrce -p "buttonInput_impl1.p2t" -f "buttonInput_impl1.p3t" -tf "buttonInput_impl1.pt" "buttonInput_impl1_map.ncd" "buttonInput_impl1.ncd"

---- MParTrce Tool ----
Removing old design directory at request of -rem command line option to this program.
Running par. Please wait . . .

Lattice Place and Route Report for Design "buttonInput_impl1_map.ncd"
Wed Nov 04 15:20:03 2020

PAR: Place And Route Diamond (64-bit) 3.11.0.396.4.
Command Line: par -w -l 5 -i 6 -t 1 -c 0 -e 0 -gui -msgset C:/Users/10352/vhdl-labs/lab1_button_input/promote.xml -exp parUseNBR=1:parCDP=0:parCDR=0:parPathBased=OFF buttonInput_impl1_map.ncd buttonInput_impl1.dir/5_1.ncd buttonInput_impl1.prf
Preference file: buttonInput_impl1.prf.
Placement level-cost: 5-1.
Routing Iterations: 6

Loading design for application par from file buttonInput_impl1_map.ncd.
Design name: Key_Input
NCD version: 3.3
Vendor:      LATTICE
Device:      LCMXO2-4000HC
Package:     CSBGA132
Performance: 4
Loading device for application par from file 'xo2c4000.nph' in environment: C:/lscc/diamond/3.11_x64/ispfpga.
Package Status:                     Final          Version 1.44.
Performance Hardware Data Status:   Final          Version 34.4.
License checked out.


Ignore Preference Error(s):  True
Device utilization summary:

   PIO (prelim)   27+4(JTAG)/280     11% used
                  27+4(JTAG)/105     30% bonded

   SLICE            112/2160          5% used



Number of Signals: 316
Number of Connections: 921
    <postMsg mid="61001101" type="Warning" dynamic="0" navigation="0"  />

Pin Constraint Summary:
   27 out of 27 pins locked (100% locked).

The following 2 signals are selected to use the primary clock routing resources:
    detector/apa (driver: SLICE_14, clk load #: 27)
    clk_c (driver: clk, clk load #: 12)

    <postMsg mid="61061008" type="Warning" dynamic="5" navigation="0" arg0="clk_c" arg1="Primary" arg2="clk" arg3="C1" arg4="Primary"  />

The following 1 signal is selected to use the secondary clock routing resources:
    decoder/seg1_6__N_154 (driver: SLICE_40, clk load #: 7, sr load #: 0, ce load #: 0)

No signal is selected as Global Set/Reset.
Starting Placer Phase 0.
.........
Finished Placer Phase 0.  REAL time: 2 secs 

Starting Placer Phase 1.
...
Placer score = 35125791.
Finished Placer Phase 1.  REAL time: 3 secs 

Starting Placer Phase 2.
.
Placer score =  34507319
Finished Placer Phase 2.  REAL time: 3 secs 


------------------ Clock Report ------------------

Global Clock Resources:
  CLK_PIN    : 0 out of 8 (0%)
  General PIO: 1 out of 280 (0%)
  PLL        : 0 out of 2 (0%)
  DCM        : 0 out of 2 (0%)
  DCC        : 0 out of 8 (0%)

Global Clocks:
  PRIMARY "detector/apa" from Q0 on comp "SLICE_14" on site "R3C16A", clk load = 27
  PRIMARY "clk_c" from comp "clk" on PIO site "C1 (PL4A)", clk load = 12
  SECONDARY "decoder/seg1_6__N_154" from F0 on comp "SLICE_40" on site "R12C18C", clk load = 7, ce load = 0, sr load = 0

  PRIMARY  : 2 out of 8 (25%)
  SECONDARY: 1 out of 8 (12%)

Edge Clocks:
  No edge clock selected.

--------------- End of Clock Report ---------------


I/O Usage Summary (final):
   27 + 4(JTAG) out of 280 (11.1%) PIO sites used.
   27 + 4(JTAG) out of 105 (29.5%) bonded PIO sites used.
   Number of PIO comps: 27; differential: 0.
   Number of Vref pins used: 0.

I/O Bank Usage Summary:
+----------+---------------+------------+-----------+
| I/O Bank | Usage         | Bank Vccio | Bank Vref |
+----------+---------------+------------+-----------+
| 0        | 7 / 26 ( 26%) | 2.5V       | -         |
| 1        | 5 / 26 ( 19%) | 2.5V       | -         |
| 2        | 7 / 28 ( 25%) | 2.5V       | -         |
| 3        | 1 / 7 ( 14%)  | 2.5V       | -         |
| 4        | 3 / 8 ( 37%)  | 2.5V       | -         |
| 5        | 4 / 10 ( 40%) | 2.5V       | -         |
+----------+---------------+------------+-----------+

Total placer CPU time: 2 secs 

Dumping design to file buttonInput_impl1.dir/5_1.ncd.

0 connections routed; 921 unrouted.
Starting router resource preassignment

Completed router resource preassignment. Real time: 5 secs 

Start NBR router at 15:20:08 11/04/20

*****************************************************************
Info: NBR allows conflicts(one node used by more than one signal)
      in the earlier iterations. In each iteration, it tries to  
      solve the conflicts while keeping the critical connections 
      routed as short as possible. The routing process is said to
      be completed when no conflicts exist and all connections   
      are routed.                                                
Note: NBR uses a different method to calculate timing slacks. The
      worst slack and total negative slack may not be the same as
      that in TRCE report. You should always run TRCE to verify  
      your design.                                               
*****************************************************************

Start NBR special constraint process at 15:20:08 11/04/20

Start NBR section for initial routing at 15:20:08 11/04/20
Level 1, iteration 1
5(0.00%) conflicts; 730(79.26%) untouched conns; 509091672 (nbr) score; 
Estimated worst slack/total negative slack<setup>: -1484.448ns/-509091.673ns; real time: 5 secs 
Level 2, iteration 1
21(0.01%) conflicts; 625(67.86%) untouched conns; 480640668 (nbr) score; 
Estimated worst slack/total negative slack<setup>: -1458.729ns/-480640.668ns; real time: 5 secs 
Level 3, iteration 1
5(0.00%) conflicts; 621(67.43%) untouched conns; 480297816 (nbr) score; 
Estimated worst slack/total negative slack<setup>: -1437.072ns/-480297.817ns; real time: 6 secs 
Level 4, iteration 1
45(0.02%) conflicts; 0(0.00%) untouched conn; 275343371 (nbr) score; 
Estimated worst slack/total negative slack<setup>: -881.306ns/-275343.371ns; real time: 6 secs 

Info: Initial congestion level at 75% usage is 0
Info: Initial congestion area  at 75% usage is 0 (0.00%)

Start NBR section for normal routing at 15:20:09 11/04/20
Level 4, iteration 1
38(0.02%) conflicts; 0(0.00%) untouched conn; 290733926 (nbr) score; 
Estimated worst slack/total negative slack<setup>: -959.928ns/-290733.926ns; real time: 6 secs 
Level 4, iteration 2
30(0.01%) conflicts; 0(0.00%) untouched conn; 273026309 (nbr) score; 
Estimated worst slack/total negative slack<setup>: -859.648ns/-273026.309ns; real time: 7 secs 
Level 4, iteration 3
26(0.01%) conflicts; 0(0.00%) untouched conn; 275382798 (nbr) score; 
Estimated worst slack/total negative slack<setup>: -910.296ns/-275382.798ns; real time: 7 secs 
Level 4, iteration 4
22(0.01%) conflicts; 0(0.00%) untouched conn; 275382798 (nbr) score; 
Estimated worst slack/total negative slack<setup>: -910.296ns/-275382.798ns; real time: 7 secs 
Level 4, iteration 5
18(0.01%) conflicts; 0(0.00%) untouched conn; 264370187 (nbr) score; 
Estimated worst slack/total negative slack<setup>: -792.645ns/-264370.187ns; real time: 7 secs 
Level 4, iteration 6
20(0.01%) conflicts; 0(0.00%) untouched conn; 264370187 (nbr) score; 
Estimated worst slack/total negative slack<setup>: -792.645ns/-264370.187ns; real time: 7 secs 
Level 4, iteration 7
19(0.01%) conflicts; 0(0.00%) untouched conn; 284695655 (nbr) score; 
Estimated worst slack/total negative slack<setup>: -990.158ns/-284695.656ns; real time: 7 secs 
Level 4, iteration 8
17(0.01%) conflicts; 0(0.00%) untouched conn; 284695655 (nbr) score; 
Estimated worst slack/total negative slack<setup>: -990.158ns/-284695.656ns; real time: 7 secs 
Level 4, iteration 9
12(0.00%) conflicts; 0(0.00%) untouched conn; 276632779 (nbr) score; 
Estimated worst slack/total negative slack<setup>: -871.605ns/-276632.780ns; real time: 8 secs 
Level 4, iteration 10
10(0.00%) conflicts; 0(0.00%) untouched conn; 276632779 (nbr) score; 
Estimated worst slack/total negative slack<setup>: -871.605ns/-276632.780ns; real time: 8 secs 
Level 4, iteration 11
10(0.00%) conflicts; 0(0.00%) untouched conn; 276225132 (nbr) score; 
Estimated worst slack/total negative slack<setup>: -871.605ns/-276225.132ns; real time: 8 secs 
Level 4, iteration 12
6(0.00%) conflicts; 0(0.00%) untouched conn; 276225132 (nbr) score; 
Estimated worst slack/total negative slack<setup>: -871.605ns/-276225.132ns; real time: 8 secs 
Level 4, iteration 13
5(0.00%) conflicts; 0(0.00%) untouched conn; 280034704 (nbr) score; 
Estimated worst slack/total negative slack<setup>: -871.605ns/-280034.704ns; real time: 8 secs 
Level 4, iteration 14
2(0.00%) conflicts; 0(0.00%) untouched conn; 280034704 (nbr) score; 
Estimated worst slack/total negative slack<setup>: -871.605ns/-280034.704ns; real time: 8 secs 
Level 4, iteration 15
1(0.00%) conflict; 0(0.00%) untouched conn; 280036791 (nbr) score; 
Estimated worst slack/total negative slack<setup>: -871.605ns/-280036.791ns; real time: 8 secs 
Level 4, iteration 16
2(0.00%) conflicts; 0(0.00%) untouched conn; 280036791 (nbr) score; 
Estimated worst slack/total negative slack<setup>: -871.605ns/-280036.791ns; real time: 8 secs 
Level 4, iteration 17
1(0.00%) conflict; 0(0.00%) untouched conn; 279148743 (nbr) score; 
Estimated worst slack/total negative slack<setup>: -869.124ns/-279148.744ns; real time: 8 secs 
Level 4, iteration 18
1(0.00%) conflict; 0(0.00%) untouched conn; 279148743 (nbr) score; 
Estimated worst slack/total negative slack<setup>: -869.124ns/-279148.744ns; real time: 8 secs 
Level 4, iteration 19
1(0.00%) conflict; 0(0.00%) untouched conn; 279350300 (nbr) score; 
Estimated worst slack/total negative slack<setup>: -869.688ns/-279350.300ns; real time: 9 secs 
Level 4, iteration 20
1(0.00%) conflict; 0(0.00%) untouched conn; 279350300 (nbr) score; 
Estimated worst slack/total negative slack<setup>: -869.688ns/-279350.300ns; real time: 9 secs 
Level 4, iteration 21
1(0.00%) conflict; 0(0.00%) untouched conn; 264971194 (nbr) score; 
Estimated worst slack/total negative slack<setup>: -829.531ns/-264971.194ns; real time: 9 secs 
Level 4, iteration 22
0(0.00%) conflict; 0(0.00%) untouched conn; 264971194 (nbr) score; 
Estimated worst slack/total negative slack<setup>: -829.531ns/-264971.194ns; real time: 9 secs 

Start NBR section for performance tuning (iteration 1) at 15:20:12 11/04/20
Level 4, iteration 1
1(0.00%) conflict; 0(0.00%) untouched conn; 257257530 (nbr) score; 
Estimated worst slack/total negative slack<setup>: -772.116ns/-257257.531ns; real time: 9 secs 
Level 4, iteration 2
2(0.00%) conflicts; 0(0.00%) untouched conn; 251875403 (nbr) score; 
Estimated worst slack/total negative slack<setup>: -766.701ns/-251875.404ns; real time: 9 secs 
Level 4, iteration 3
0(0.00%) conflict; 0(0.00%) untouched conn; 251877360 (nbr) score; 
Estimated worst slack/total negative slack<setup>: -766.701ns/-251877.361ns; real time: 9 secs 

Start NBR section for performance tuning (iteration 2) at 15:20:12 11/04/20
Level 4, iteration 1
3(0.00%) conflicts; 0(0.00%) untouched conn; 242575735 (nbr) score; 
Estimated worst slack/total negative slack<setup>: -720.453ns/-242575.735ns; real time: 9 secs 
Level 4, iteration 2
0(0.00%) conflict; 0(0.00%) untouched conn; 256744044 (nbr) score; 
Estimated worst slack/total negative slack<setup>: -798.511ns/-256744.045ns; real time: 9 secs 

Start NBR section for re-routing at 15:20:12 11/04/20
Level 4, iteration 1
0(0.00%) conflict; 0(0.00%) untouched conn; 243571056 (nbr) score; 
Estimated worst slack/total negative slack<setup>: -720.453ns/-243571.056ns; real time: 10 secs 

Start NBR section for post-routing at 15:20:13 11/04/20

End NBR router with 0 unrouted connection

NBR Summary
-----------
  Number of unrouted connections : 0 (0.00%)
  Number of connections with timing violations : 641 (69.60%)
  Estimated worst slack<setup> : -720.453ns
  Timing score<setup> : 328524190
-----------
Notes: The timing info is calculated for SETUP only and all PAR_ADJs are ignored.



Total CPU time 11 secs 
Total REAL time: 11 secs 
Completely routed.
End of route.  921 routed (100.00%); 0 unrouted.

Hold time timing score: 3990, hold timing errors: 1796

Timing score: 328524190 

Dumping design to file buttonInput_impl1.dir/5_1.ncd.


PAR_SUMMARY::Run status = Completed
PAR_SUMMARY::Number of unrouted conns = 0
PAR_SUMMARY::Worst  slack<setup/<ns>> = -720.454
PAR_SUMMARY::Timing score<setup/<ns>> = 328524.190
PAR_SUMMARY::Worst  slack<hold /<ns>> = -3.215
PAR_SUMMARY::Timing score<hold /<ns>> = 3990.282
PAR_SUMMARY::Number of errors = 0

Total CPU  time to completion: 11 secs 
Total REAL time to completion: 12 secs 

par done!

Note: user must run 'Trace' for timing closure signoff.

Copyright (c) 1991-1994 by NeoCAD Inc. All rights reserved.
Copyright (c) 1995 AT&T Corp.   All rights reserved.
Copyright (c) 1995-2001 Lucent Technologies Inc.  All rights reserved.
Copyright (c) 2001 Agere Systems   All rights reserved.
Copyright (c) 2002-2019 Lattice Semiconductor Corporation,  All rights reserved.
Exiting par with exit code 0
Exiting mpartrce with exit code 0

trce -f "buttonInput_impl1.pt" -o "buttonInput_impl1.twr" "buttonInput_impl1.ncd" "buttonInput_impl1.prf"
trce:  version Diamond (64-bit) 3.11.0.396.4

Copyright (c) 1991-1994 by NeoCAD Inc. All rights reserved.
Copyright (c) 1995 AT&T Corp.   All rights reserved.
Copyright (c) 1995-2001 Lucent Technologies Inc.  All rights reserved.
Copyright (c) 2001 Agere Systems   All rights reserved.
Copyright (c) 2002-2019 Lattice Semiconductor Corporation,  All rights reserved.

Loading design for application trce from file buttoninput_impl1.ncd.
Design name: Key_Input
NCD version: 3.3
Vendor:      LATTICE
Device:      LCMXO2-4000HC
Package:     CSBGA132
Performance: 4
Loading device for application trce from file 'xo2c4000.nph' in environment: C:/lscc/diamond/3.11_x64/ispfpga.
Package Status:                     Final          Version 1.44.
Performance Hardware Data Status:   Final          Version 34.4.
Setup and Hold Report

--------------------------------------------------------------------------------
Lattice TRACE Report - Setup, Version Diamond (64-bit) 3.11.0.396.4
Wed Nov 04 15:20:15 2020

Copyright (c) 1991-1994 by NeoCAD Inc. All rights reserved.
Copyright (c) 1995 AT&T Corp.   All rights reserved.
Copyright (c) 1995-2001 Lucent Technologies Inc.  All rights reserved.
Copyright (c) 2001 Agere Systems   All rights reserved.
Copyright (c) 2002-2019 Lattice Semiconductor Corporation,  All rights reserved.

Report Information
------------------
Command line:    trce -v 10 -gt -sethld -sp 4 -sphld m -o buttonInput_impl1.twr -gui -msgset C:/Users/10352/vhdl-labs/lab1_button_input/promote.xml buttonInput_impl1.ncd buttonInput_impl1.prf 
Design file:     buttoninput_impl1.ncd
Preference file: buttoninput_impl1.prf
Device,speed:    LCMXO2-4000HC,4
Report level:    verbose report, limited to 10 items per preference
--------------------------------------------------------------------------------

Report Type:     based on TRACE automatically generated preferences
BLOCK ASYNCPATHS
BLOCK RESETPATHS
--------------------------------------------------------------------------------



Timing summary (Setup):
---------------

Timing errors: 2445  Score: 328524190
Cumulative negative slack: 328524190

Constraints cover 3419 paths, 11 nets, and 879 connections (95.44% coverage)

--------------------------------------------------------------------------------
Lattice TRACE Report - Hold, Version Diamond (64-bit) 3.11.0.396.4
Wed Nov 04 15:20:15 2020

Copyright (c) 1991-1994 by NeoCAD Inc. All rights reserved.
Copyright (c) 1995 AT&T Corp.   All rights reserved.
Copyright (c) 1995-2001 Lucent Technologies Inc.  All rights reserved.
Copyright (c) 2001 Agere Systems   All rights reserved.
Copyright (c) 2002-2019 Lattice Semiconductor Corporation,  All rights reserved.

Report Information
------------------
Command line:    trce -v 10 -gt -sethld -sp 4 -sphld m -o buttonInput_impl1.twr -gui -msgset C:/Users/10352/vhdl-labs/lab1_button_input/promote.xml buttonInput_impl1.ncd buttonInput_impl1.prf 
Design file:     buttoninput_impl1.ncd
Preference file: buttoninput_impl1.prf
Device,speed:    LCMXO2-4000HC,m
Report level:    verbose report, limited to 10 items per preference
--------------------------------------------------------------------------------

BLOCK ASYNCPATHS
BLOCK RESETPATHS
--------------------------------------------------------------------------------



Timing summary (Hold):
---------------

Timing errors: 1796  Score: 3990282
Cumulative negative slack: 3990282

Constraints cover 3419 paths, 11 nets, and 879 connections (95.44% coverage)



Timing summary (Setup and Hold):
---------------

Timing errors: 2445 (setup), 1796 (hold)
Score: 328524190 (setup), 3990282 (hold)
Cumulative negative slack: 332514472 (328524190+3990282)
--------------------------------------------------------------------------------

--------------------------------------------------------------------------------

Total CPU Time: 0 secs 
Total REAL Time: 0 secs 
Peak Memory Usage: 57 MB


iotiming  "buttonInput_impl1.ncd" "buttonInput_impl1.prf"
I/O Timing Report:
:  version Diamond (64-bit) 3.11.0.396.4

Copyright (c) 1991-1994 by NeoCAD Inc. All rights reserved.
Copyright (c) 1995 AT&T Corp.   All rights reserved.
Copyright (c) 1995-2001 Lucent Technologies Inc.  All rights reserved.
Copyright (c) 2001 Agere Systems   All rights reserved.
Copyright (c) 2002-2019 Lattice Semiconductor Corporation,  All rights reserved.

Loading design for application iotiming from file buttoninput_impl1.ncd.
Design name: Key_Input
NCD version: 3.3
Vendor:      LATTICE
Device:      LCMXO2-4000HC
Package:     CSBGA132
Performance: 4
Loading device for application iotiming from file 'xo2c4000.nph' in environment: C:/lscc/diamond/3.11_x64/ispfpga.
Package Status:                     Final          Version 1.44.
Performance Hardware Data Status:   Final          Version 34.4.
Running Performance Grade: 4
Computing Setup Time ...
Computing Max Clock to Output Delay ...
Computing Hold Time ...
Computing Min Clock to Output Delay ...

Loading design for application iotiming from file buttoninput_impl1.ncd.
Design name: Key_Input
NCD version: 3.3
Vendor:      LATTICE
Device:      LCMXO2-4000HC
Package:     CSBGA132
Performance: 5
Package Status:                     Final          Version 1.44.
Performance Hardware Data Status:   Final          Version 34.4.
Running Performance Grade: 5
Computing Setup Time ...
Computing Max Clock to Output Delay ...
Computing Hold Time ...
Computing Min Clock to Output Delay ...

Loading design for application iotiming from file buttoninput_impl1.ncd.
Design name: Key_Input
NCD version: 3.3
Vendor:      LATTICE
Device:      LCMXO2-4000HC
Package:     CSBGA132
Performance: 6
Package Status:                     Final          Version 1.44.
Performance Hardware Data Status:   Final          Version 34.4.
Running Performance Grade: 6
Computing Setup Time ...
Computing Max Clock to Output Delay ...
Computing Hold Time ...
Computing Min Clock to Output Delay ...

Loading design for application iotiming from file buttoninput_impl1.ncd.
Design name: Key_Input
NCD version: 3.3
Vendor:      LATTICE
Device:      LCMXO2-4000HC
Package:     CSBGA132
Performance: M
Package Status:                     Final          Version 1.44.
Performance Hardware Data Status:   Final          Version 34.4.
Running Performance Grade: M
Computing Setup Time ...
Computing Max Clock to Output Delay ...
Computing Hold Time ...
Computing Min Clock to Output Delay ...
Done.

ibisgen "buttonInput_impl1.pad" "C:/lscc/diamond/3.11_x64/cae_library/ibis/machxo2.ibs"   
IBIS Models Generator: Lattice Diamond (64-bit) 3.11.0.396.4

Wed Nov 04 15:20:18 2020

Comp: clk
 Site: C1
 Type: IN
 IO_TYPE=LVCMOS25 
 PULL=DOWN 
 CLAMP=ON 
 HYSTERESIS=SMALL 
-----------------------
Comp: col[0]
 Site: L3
 Type: IN
 IO_TYPE=LVCMOS25 
 PULL=DOWN 
 CLAMP=ON 
 HYSTERESIS=SMALL 
-----------------------
Comp: col[1]
 Site: N5
 Type: IN
 IO_TYPE=LVCMOS25 
 PULL=DOWN 
 CLAMP=ON 
 HYSTERESIS=SMALL 
-----------------------
Comp: col[2]
 Site: P6
 Type: IN
 IO_TYPE=LVCMOS25 
 PULL=DOWN 
 CLAMP=ON 
 HYSTERESIS=SMALL 
-----------------------
Comp: col[3]
 Site: N6
 Type: IN
 IO_TYPE=LVCMOS25 
 PULL=DOWN 
 CLAMP=ON 
 HYSTERESIS=SMALL 
-----------------------
Comp: independent_keys[0]
 Site: L14
 Type: IN
 IO_TYPE=LVCMOS25 
 PULL=DOWN 
 CLAMP=ON 
 HYSTERESIS=SMALL 
-----------------------
Comp: independent_keys[1]
 Site: M13
 Type: IN
 IO_TYPE=LVCMOS25 
 PULL=DOWN 
 CLAMP=ON 
 HYSTERESIS=SMALL 
-----------------------
Comp: independent_keys[2]
 Site: M14
 Type: IN
 IO_TYPE=LVCMOS25 
 PULL=DOWN 
 CLAMP=ON 
 HYSTERESIS=SMALL 
-----------------------
Comp: independent_keys[3]
 Site: N14
 Type: IN
 IO_TYPE=LVCMOS25 
 PULL=DOWN 
 CLAMP=ON 
 HYSTERESIS=SMALL 
-----------------------
Comp: row[0]
 Site: N8
 Type: OUT
 IO_TYPE=LVCMOS25 
 DRIVE=8mA 
 PULL=DOWN 
 SLEW=SLOW 
-----------------------
Comp: row[1]
 Site: P8
 Type: OUT
 IO_TYPE=LVCMOS25 
 DRIVE=8mA 
 PULL=DOWN 
 SLEW=SLOW 
-----------------------
Comp: row[2]
 Site: N7
 Type: OUT
 IO_TYPE=LVCMOS25 
 DRIVE=8mA 
 PULL=DOWN 
 SLEW=SLOW 
-----------------------
Comp: row[3]
 Site: P7
 Type: OUT
 IO_TYPE=LVCMOS25 
 DRIVE=8mA 
 PULL=DOWN 
 SLEW=SLOW 
-----------------------
Comp: seg1[0]
 Site: A10
 Type: OUT
 IO_TYPE=LVCMOS25 
 DRIVE=8mA 
 PULL=DOWN 
 SLEW=SLOW 
-----------------------
Comp: seg1[1]
 Site: C11
 Type: OUT
 IO_TYPE=LVCMOS25 
 DRIVE=8mA 
 PULL=DOWN 
 SLEW=SLOW 
-----------------------
Comp: seg1[2]
 Site: F2
 Type: OUT
 IO_TYPE=LVCMOS25 
 DRIVE=8mA 
 PULL=DOWN 
 SLEW=SLOW 
-----------------------
Comp: seg1[3]
 Site: E1
 Type: OUT
 IO_TYPE=LVCMOS25 
 DRIVE=8mA 
 PULL=DOWN 
 SLEW=SLOW 
-----------------------
Comp: seg1[4]
 Site: E2
 Type: OUT
 IO_TYPE=LVCMOS25 
 DRIVE=8mA 
 PULL=DOWN 
 SLEW=SLOW 
-----------------------
Comp: seg1[5]
 Site: A9
 Type: OUT
 IO_TYPE=LVCMOS25 
 DRIVE=8mA 
 PULL=DOWN 
 SLEW=SLOW 
-----------------------
Comp: seg1[6]
 Site: B9
 Type: OUT
 IO_TYPE=LVCMOS25 
 DRIVE=8mA 
 PULL=DOWN 
 SLEW=SLOW 
-----------------------
Comp: seg2[0]
 Site: C12
 Type: OUT
 IO_TYPE=LVCMOS25 
 DRIVE=8mA 
 PULL=DOWN 
 SLEW=SLOW 
-----------------------
Comp: seg2[1]
 Site: B14
 Type: OUT
 IO_TYPE=LVCMOS25 
 DRIVE=8mA 
 PULL=DOWN 
 SLEW=SLOW 
-----------------------
Comp: seg2[2]
 Site: J1
 Type: OUT
 IO_TYPE=LVCMOS25 
 DRIVE=8mA 
 PULL=DOWN 
 SLEW=SLOW 
-----------------------
Comp: seg2[3]
 Site: H1
 Type: OUT
 IO_TYPE=LVCMOS25 
 DRIVE=8mA 
 PULL=DOWN 
 SLEW=SLOW 
-----------------------
Comp: seg2[4]
 Site: H2
 Type: OUT
 IO_TYPE=LVCMOS25 
 DRIVE=8mA 
 PULL=DOWN 
 SLEW=SLOW 
-----------------------
Comp: seg2[5]
 Site: B12
 Type: OUT
 IO_TYPE=LVCMOS25 
 DRIVE=8mA 
 PULL=DOWN 
 SLEW=SLOW 
-----------------------
Comp: seg2[6]
 Site: A11
 Type: OUT
 IO_TYPE=LVCMOS25 
 DRIVE=8mA 
 PULL=DOWN 
 SLEW=SLOW 
-----------------------
Created design models.


Generating: C:\Users\10352\vhdl-labs\lab1_button_input\impl1\IBIS\buttonInput_impl1.ibs


    <postMsg mid="1191031" type="Info"    dynamic="0" navigation="0"  />

ldbanno "buttonInput_impl1.ncd" -n Verilog  -o "buttonInput_impl1_vo.vo"         -w -neg
ldbanno: version Diamond (64-bit) 3.11.0.396.4
Copyright (c) 1991-1994 by NeoCAD Inc. All rights reserved.
Copyright (c) 1995 AT&T Corp.   All rights reserved.
Copyright (c) 1995-2001 Lucent Technologies Inc.  All rights reserved.
Copyright (c) 2001 Agere Systems   All rights reserved.
Copyright (c) 2002-2019 Lattice Semiconductor Corporation,  All rights reserved.

Writing a Verilog netlist using the orca library type based on the buttonInput_impl1 design file.


Loading design for application ldbanno from file buttonInput_impl1.ncd.
Design name: Key_Input
NCD version: 3.3
Vendor:      LATTICE
Device:      LCMXO2-4000HC
Package:     CSBGA132
Performance: 4
Loading device for application ldbanno from file 'xo2c4000.nph' in environment: C:/lscc/diamond/3.11_x64/ispfpga.
Package Status:                     Final          Version 1.44.
Performance Hardware Data Status:   Final          Version 34.4.
Converting design buttonInput_impl1.ncd into .ldb format.
Loading preferences from buttoninput_impl1.prf.
Writing Verilog netlist to file buttonInput_impl1_vo.vo
Writing SDF timing to file buttonInput_impl1_vo.sdf
    <postMsg mid="35400250" type="Info"    dynamic="1" navigation="0" arg0="0"  />
Total CPU Time: 1 secs 
Total REAL Time: 2 secs 
Peak Memory Usage: 51 MB

ldbanno "buttonInput_impl1.ncd" -n VHDL -o "buttonInput_impl1_vho.vho"         -w -neg 
ldbanno: version Diamond (64-bit) 3.11.0.396.4
Copyright (c) 1991-1994 by NeoCAD Inc. All rights reserved.
Copyright (c) 1995 AT&T Corp.   All rights reserved.
Copyright (c) 1995-2001 Lucent Technologies Inc.  All rights reserved.
Copyright (c) 2001 Agere Systems   All rights reserved.
Copyright (c) 2002-2019 Lattice Semiconductor Corporation,  All rights reserved.

Writing a VHDL netlist using the orca library type based on the buttonInput_impl1 design file.


Loading design for application ldbanno from file buttonInput_impl1.ncd.
Design name: Key_Input
NCD version: 3.3
Vendor:      LATTICE
Device:      LCMXO2-4000HC
Package:     CSBGA132
Performance: 4
Loading device for application ldbanno from file 'xo2c4000.nph' in environment: C:/lscc/diamond/3.11_x64/ispfpga.
Package Status:                     Final          Version 1.44.
Performance Hardware Data Status:   Final          Version 34.4.
Converting design buttonInput_impl1.ncd into .ldb format.
Loading preferences from buttoninput_impl1.prf.
Writing VHDL netlist to file buttonInput_impl1_vho.vho
Writing SDF timing to file buttonInput_impl1_vho.sdf
    <postMsg mid="35400250" type="Info"    dynamic="1" navigation="0" arg0="0"  />
Total CPU Time: 1 secs 
Total REAL Time: 0 secs 
Peak Memory Usage: 51 MB

tmcheck -par "buttonInput_impl1.par" 

bitgen -f "buttonInput_impl1.t2b" -w "buttonInput_impl1.ncd"  "buttonInput_impl1.prf"


BITGEN: Bitstream Generator Diamond (64-bit) 3.11.0.396.4
Copyright (c) 1991-1994 by NeoCAD Inc. All rights reserved.
Copyright (c) 1995 AT&T Corp.   All rights reserved.
Copyright (c) 1995-2001 Lucent Technologies Inc.  All rights reserved.
Copyright (c) 2001 Agere Systems   All rights reserved.
Copyright (c) 2002-2019 Lattice Semiconductor Corporation,  All rights reserved.


Loading design for application Bitgen from file buttonInput_impl1.ncd.
Design name: Key_Input
NCD version: 3.3
Vendor:      LATTICE
Device:      LCMXO2-4000HC
Package:     CSBGA132
Performance: 4
Loading device for application Bitgen from file 'xo2c4000.nph' in environment: C:/lscc/diamond/3.11_x64/ispfpga.
Package Status:                     Final          Version 1.44.
Performance Hardware Data Status:   Final          Version 34.4.

Running DRC.
DRC detected 0 errors and 0 warnings.
Reading Preference File from buttonInput_impl1.prf.

Preference Summary:
+---------------------------------+---------------------------------+
|  Preference                     |  Current Setting                |
+---------------------------------+---------------------------------+
|                         RamCfg  |                        Reset**  |
+---------------------------------+---------------------------------+
|                     MCCLK_FREQ  |                         2.08**  |
+---------------------------------+---------------------------------+
|                  CONFIG_SECURE  |                          OFF**  |
+---------------------------------+---------------------------------+
|                          INBUF  |                           ON**  |
+---------------------------------+---------------------------------+
|                      JTAG_PORT  |                       ENABLE**  |
+---------------------------------+---------------------------------+
|                       SDM_PORT  |                      DISABLE**  |
+---------------------------------+---------------------------------+
|                 SLAVE_SPI_PORT  |                      DISABLE**  |
+---------------------------------+---------------------------------+
|                MASTER_SPI_PORT  |                      DISABLE**  |
+---------------------------------+---------------------------------+
|                       I2C_PORT  |                      DISABLE**  |
+---------------------------------+---------------------------------+
|        MUX_CONFIGURATION_PORTS  |                      DISABLE**  |
+---------------------------------+---------------------------------+
|                  CONFIGURATION  |                          CFG**  |
+---------------------------------+---------------------------------+
|                COMPRESS_CONFIG  |                           ON**  |
+---------------------------------+---------------------------------+
|                        MY_ASSP  |                          OFF**  |
+---------------------------------+---------------------------------+
|               ONE_TIME_PROGRAM  |                          OFF**  |
+---------------------------------+---------------------------------+
|                 ENABLE_TRANSFR  |                      DISABLE**  |
+---------------------------------+---------------------------------+
|                  SHAREDEBRINIT  |                      DISABLE**  |
+---------------------------------+---------------------------------+
|            BACKGROUND_RECONFIG  |                          OFF**  |
+---------------------------------+---------------------------------+
 *  Default setting.
 ** The specified setting matches the default setting.


Creating bit map...
 
Bitstream Status: Final           Version 1.95.
 
Saving bit stream in "buttonInput_impl1.bit".
Total CPU Time: 2 secs 
Total REAL Time: 3 secs 
Peak Memory Usage: 273 MB

tmcheck -par "buttonInput_impl1.par" 

bitgen -f "buttonInput_impl1.t2b" -w "buttonInput_impl1.ncd"  -jedec "buttonInput_impl1.prf"


BITGEN: Bitstream Generator Diamond (64-bit) 3.11.0.396.4
Copyright (c) 1991-1994 by NeoCAD Inc. All rights reserved.
Copyright (c) 1995 AT&T Corp.   All rights reserved.
Copyright (c) 1995-2001 Lucent Technologies Inc.  All rights reserved.
Copyright (c) 2001 Agere Systems   All rights reserved.
Copyright (c) 2002-2019 Lattice Semiconductor Corporation,  All rights reserved.


Loading design for application Bitgen from file buttonInput_impl1.ncd.
Design name: Key_Input
NCD version: 3.3
Vendor:      LATTICE
Device:      LCMXO2-4000HC
Package:     CSBGA132
Performance: 4
Loading device for application Bitgen from file 'xo2c4000.nph' in environment: C:/lscc/diamond/3.11_x64/ispfpga.
Package Status:                     Final          Version 1.44.
Performance Hardware Data Status:   Final          Version 34.4.

Running DRC.
DRC detected 0 errors and 0 warnings.
Reading Preference File from buttonInput_impl1.prf.

Preference Summary:
+---------------------------------+---------------------------------+
|  Preference                     |  Current Setting                |
+---------------------------------+---------------------------------+
|                         RamCfg  |                        Reset**  |
+---------------------------------+---------------------------------+
|                     MCCLK_FREQ  |                         2.08**  |
+---------------------------------+---------------------------------+
|                  CONFIG_SECURE  |                          OFF**  |
+---------------------------------+---------------------------------+
|                          INBUF  |                           ON**  |
+---------------------------------+---------------------------------+
|                      JTAG_PORT  |                       ENABLE**  |
+---------------------------------+---------------------------------+
|                       SDM_PORT  |                      DISABLE**  |
+---------------------------------+---------------------------------+
|                 SLAVE_SPI_PORT  |                      DISABLE**  |
+---------------------------------+---------------------------------+
|                MASTER_SPI_PORT  |                      DISABLE**  |
+---------------------------------+---------------------------------+
|                       I2C_PORT  |                      DISABLE**  |
+---------------------------------+---------------------------------+
|        MUX_CONFIGURATION_PORTS  |                      DISABLE**  |
+---------------------------------+---------------------------------+
|                  CONFIGURATION  |                          CFG**  |
+---------------------------------+---------------------------------+
|                COMPRESS_CONFIG  |                           ON**  |
+---------------------------------+---------------------------------+
|                        MY_ASSP  |                          OFF**  |
+---------------------------------+---------------------------------+
|               ONE_TIME_PROGRAM  |                          OFF**  |
+---------------------------------+---------------------------------+
|                 ENABLE_TRANSFR  |                      DISABLE**  |
+---------------------------------+---------------------------------+
|                  SHAREDEBRINIT  |                      DISABLE**  |
+---------------------------------+---------------------------------+
|            BACKGROUND_RECONFIG  |                          OFF**  |
+---------------------------------+---------------------------------+
 *  Default setting.
 ** The specified setting matches the default setting.


Creating bit map...
 
Bitstream Status: Final           Version 1.95.
 
Saving bit stream in "buttonInput_impl1.jed".
 
===========
UFM Summary.
===========
UFM Size:        767 Pages (128*767 Bits).
UFM Utilization: General Purpose Flash Memory.
 
Available General Purpose Flash Memory:  767 Pages (Page 0 to Page 766).
Initialized UFM Pages:                     0 Page.
 
Total CPU Time: 2 secs 
Total REAL Time: 2 secs 
Peak Memory Usage: 272 MB
