Results of NGD DRC are available in Key_Input_drc.log.
Loading NGL library 'C:/lscc/diamond/3.11_x64/ispfpga/xo2c00a/data/xo2alib.ngl'...
Loading NGL library 'C:/lscc/diamond/3.11_x64/ispfpga/xo2c00/data/xo2clib.ngl'...
Loading NGL library 'C:/lscc/diamond/3.11_x64/ispfpga/mg5g00/data/mg5glib.ngl'...
Loading NGL library 'C:/lscc/diamond/3.11_x64/ispfpga/or5g00/data/orc5glib.ngl'...


Running DRC...

WARNING - synthesis: logical net 'COL[3]' has no load.
WARNING - synthesis: input pad net 'COL[3]' has no legal load.
WARNING - synthesis: logical net 'COL[2]' has no load.
WARNING - synthesis: input pad net 'COL[2]' has no legal load.
WARNING - synthesis: logical net 'COL[1]' has no load.
WARNING - synthesis: input pad net 'COL[1]' has no legal load.
WARNING - synthesis: logical net 'COL[0]' has no load.
WARNING - synthesis: input pad net 'COL[0]' has no legal load.
WARNING - synthesis: DRC complete with 8 warnings.

Design Results:
    106 blocks expanded
completed the first expansion
All blocks are expanded and NGD expansion is successful.
Writing NGD file buttonInput_impl1.ngd.
